CCS PCH C Compiler, Version 5.099, 54900               03-jun-22 18:37

               Filename:   G:\Meu Drive\CEFET 2022\Sistemas de Informação 2022_1\Sistemas Embarcados 2\04-Aula 20MAI22\Exemplo_1 Criando um Projeto do Zero\Exemplo_1.lst

               ROM used:   110 bytes (0%)
                           Largest free fragment is 32658
               RAM used:   5 (0%) at main() level
                           6 (0%) worst case
               Stack used: 0 locations
               Stack size: 31

*
0000:  GOTO   002E
.................... #include <18F4520.h>
.................... //////////// Standard Header file for the PIC18F4520 device ////////////////
.................... ///////////////////////////////////////////////////////////////////////////
.................... ////        (C) Copyright 1996, 2020 Custom Computer Services          ////
.................... //// This source code may only be used by licensed users of the CCS C  ////
.................... //// compiler.  This source code may only be distributed to other      ////
.................... //// licensed users of the CCS C compiler.  No other use, reproduction ////
.................... //// or distribution is permitted without written permission.          ////
.................... //// Derivative programs created using this software in object code    ////
.................... //// form are not restricted in any way.                               ////
.................... ///////////////////////////////////////////////////////////////////////////
.................... #device PIC18F4520
.................... 
.................... #list
.................... 
.................... #use delay(internal=8Mhz)
0004:  CLRF   FEA
0006:  MOVLW  06
0008:  MOVWF  FE9
000A:  MOVF   FEF,W
000C:  BTFSC  FD8.2
000E:  GOTO   002C
0012:  MOVLW  02
0014:  MOVWF  01
0016:  CLRF   00
0018:  DECFSZ 00,F
001A:  BRA    0018
001C:  DECFSZ 01,F
001E:  BRA    0016
0020:  MOVLW  97
0022:  MOVWF  00
0024:  DECFSZ 00,F
0026:  BRA    0024
0028:  DECFSZ FEF,F
002A:  BRA    0012
002C:  RETURN 0
.................... 
.................... void main(void)
002E:  CLRF   FF8
0030:  BCF    FD0.7
0032:  MOVLW  70
0034:  MOVWF  FD3
0036:  CLRF   F9B
0038:  MOVF   FD3,W
003A:  MOVF   FC1,W
003C:  ANDLW  C0
003E:  IORLW  0F
0040:  MOVWF  FC1
0042:  MOVLW  07
0044:  MOVWF  FB4
.................... {
.................... 
.................... 	while(1)
.................... 	{
.................... 	output_high(PIN_B0);
0046:  BCF    F93.0
0048:  BSF    F8A.0
.................... 	delay_ms(1000);
004A:  MOVLW  04
004C:  MOVWF  05
004E:  MOVLW  FA
0050:  MOVWF  06
0052:  RCALL  0004
0054:  DECFSZ 05,F
0056:  BRA    004E
.................... 	output_low(PIN_B0);
0058:  BCF    F93.0
005A:  BCF    F8A.0
.................... 	delay_ms(1000);
005C:  MOVLW  04
005E:  MOVWF  05
0060:  MOVLW  FA
0062:  MOVWF  06
0064:  RCALL  0004
0066:  DECFSZ 05,F
0068:  BRA    0060
006A:  BRA    0046
.................... 	}
.................... 
.................... }
006C:  SLEEP 

Configuration Fuses:
   Word  1: C800   INTRC_IO FCMEN IESO
   Word  2: 1E1E   PUT BROWNOUT BORV21 NOWDT WDT32768
   Word  3: 8700   CCP2C1 PBADEN LPT1OSC MCLR
   Word  4: 0081   STVREN NOLVP NOXINST NODEBUG
   Word  5: C00F   NOPROTECT NOCPB NOCPD
   Word  6: E00F   NOWRT NOWRTC NOWRTB NOWRTD
   Word  7: 400F   NOEBTR NOEBTRB
