
ROM used:   110/32768 (0%)
            110/32768 (0%) including unused fragments

            0.1 Average locations per line
            18.3 Average locations per statement

RAM used:   5/1536 (0%) at main() level
            6/1536 (0%) worst case

Stack used: 0 worst case (0 in main + 0 for interrupts)
Stack size: 31

Lines Stmts  %   Files
----- ----- ---  -----
   16     6 100  Exemplo_1.c
  879     0   0  C:\Program Files (x86)\PICC\Devices\18F4520.h
----- -----
  895     6 Total

Page ROM  %  RAM    Vol Diff  Functions:
---- --- --- ---    --- ----  ----------
0     42  19    1             @delay_ms1
0     64  29    1     92  1.7  main
 Inline         0             @cinit1

Program metrics:
    Functions               1
    Statements              6
    Comments                152
    Volume (V)              96
    Difficulty (D)          1.4
    Effort to implement (E) 137
    Time to implement (T)   0 minutes
    Est Delivered Bugs (B)  0
    Cyclomatic Complexity   1
    Maintainability (MI)    130

 Segment     Used  Free
-----------  ----  ----
00000-00002     4  0  
00004-07FFE   106  32658  



