
ROM used:   4996/32768 (15%)
            4996/32768 (15%) including unused fragments

            3.5 Average locations per line
            37.8 Average locations per statement

RAM used:   34/1536 (2%) at main() level
            59/1536 (4%) worst case

Stack used: 5 worst case (5 in main + 0 for interrupts)
Stack size: 31

Lines Stmts  %   Files
----- ----- ---  -----
   53    32  24  main.c
   28     0   0  main.h
  879     0   0  C:\Program Files (x86)\PICC\Devices\18F4520.h
  456   100  76  C:\Program Files (x86)\PICC\Drivers\lcd.c
----- -----
 1416   132 Total

Page ROM  %  RAM    Vol Diff  Functions:
---- --- --- ---    --- ----  ----------
0     46   0    1             @delay_ms1
0     64   1    1             @PUTCHAR_2_
0     66   1    1             @PUTCHAR_3_
0     76   1    3    760  4.5  lcd_read_byte
0     82   1    2    262  3.7  lcd_read_nibble
0     66   1    1    399  2.4  lcd_send_nibble
0     70   1    3    415  3.7  lcd_send_byte
0    124   1    6    852  6.2  lcd_init
0     34   0    4    208  6.3  lcd_gotoxy
0     80   1    1    354  4.7  lcd_putc
0   1198  12    4   1307  4.4  MAIN
0     14   0    0             @const785
0     34   0    2             @PSTRINGC_770
0     18   0    0             @const790
0     30   0    3             @PSTRINGCN_770
0     10   0    0             @const793
0     10   0    0             @const794
0     18   0    0             @const795
0     10   0    0             @const796
0     54   1    2             @ITOF
0    242   2   11             @MULFF
0    346   3   14             @DIVFF
0    618   6   16             @ADDFF
0     62   1    5             @FTOSD
0    142   1   13             @DIV3232
0    440   4   13             @PRINTF_L32D_9600_31766_31767FPFPFR
0     38   0    0             @const817
0     30   0    3             @PSTRINGCN_733
0    432   4   13             @PRINTF_L32D_733FPFPFR
0     24   0    0             @const823
0    442   4   13             @PRINTF_L32D_770FPFPFR
0     10   0    0             @const827
0     28   0    0             @const828
0     34   0    2             @PSTRINGC_737
 Inline         0             @cinit1

Program metrics:
    Functions               8
    Statements              132
    Comments                274
    Volume (V)              6792
    Difficulty (D)          32.7
    Effort to implement (E) 222162
    Time to implement (T)   3 hours, 26 minutes
    Est Delivered Bugs (B)  1
    Cyclomatic Complexity   8
    Maintainability (MI)    108

 Segment     Used  Free
-----------  ----  ----
00000-00002     4  0  
00004-07FFE  4992  27772  



