
ROM used:   1764/65536 (3%)
            1764/65536 (3%) including unused fragments

            1.1 Average locations per line
            11.2 Average locations per statement

RAM used:   31/3896 (1%) at main() level
            58/3896 (1%) worst case

Stack used: 13 worst case (6 in main + 7 for interrupts)
Stack size: 31

Lines Stmts  %   Files
----- ----- ---  -----
  101    58  37  Estacionamento.c
   38     0   0  Estacionamento.h
 1065     0   0  C:\Program Files (x86)\PICC\Devices\18F46K22.h
  456   100  63  C:\Program Files (x86)\PICC\Drivers\lcd.c
----- -----
 1660   158 Total

Page ROM  %  RAM    Vol Diff  Functions:
---- --- --- ---    --- ----  ----------
0     38   1    1             @delay_ms1
0     30   1    1             @delay_us1
0     72   2    3    760  4.5  lcd_read_byte
0     82   2    2    262  3.7  lcd_read_nibble
0     64   2    1    399  2.4  lcd_send_nibble
0     70   2    3    415  3.7  lcd_send_byte
0    196   6    6    852  6.2  lcd_init
0     34   1    4    208  6.3  lcd_gotoxy
0     80   2    1    354  4.7  lcd_putc
0    118   3    1    272  4.4  EXT_isr
0     12   0    0             @const840
0     30   1    3             @PSTRINGCN_825
0     40   1    3             @DIV88
0    102   3    2             @PRINTF_U_825
0    110   3    0    183  2.9  EXT1_isr
0     12   0    0             @const850
0    252   7    1    357  3.6  MAIN
0     16   0    0    163  3.1  @const854
0     46   1    2    163  3.1  @PSTRINGC_825
0     10   0    0    163  3.1  @const859
0     50   1    2    163  3.1  abre_entrada
0     34   1    1    163  3.1  fecha_entrada
0     50   1    2    163  3.1  abre_saida
0     34   1    1    163  3.1  fecha_saida
 Inline         0             @cinit1

Program metrics:
    Functions               17
    Statements              158
    Comments                313
    Volume (V)              9044
    Difficulty (D)          63.7
    Effort to implement (E) 576499
    Time to implement (T)   8 hours, 54 minutes
    Est Delivered Bugs (B)  2
    Cyclomatic Complexity   18
    Maintainability (MI)    120

 Segment     Used  Free
-----------  ----  ----
00000-00002     4  0  
00004-00006     0  4  
00008-000B8   178  0  
000BA-0FFFE  1582  63768  



