
ROM used:   3652/32768 (11%)
            3652/32768 (11%) including unused fragments

            2.4 Average locations per line
            25.7 Average locations per statement

RAM used:   94/1536 (6%) at main() level
            120/1536 (8%) worst case

Stack used: 7 worst case (5 in main + 2 for interrupts)
Stack size: 31

Lines Stmts  %   Files
----- ----- ---  -----
  129    42  30  RPM_METER.c
   30     0   0  RPM_METER.h
  879     0   0  ..\..\..\..\..\..\..\..\Program Files (x86)\PICC\Devices\18F4520.h
  456   100  70  ..\..\..\..\..\..\..\..\Program Files (x86)\PICC\Drivers\lcd.c
----- -----
 1494   142 Total

Page ROM  %  RAM    Vol Diff  Functions:
---- --- --- ---    --- ----  ----------
0     40   1    1             @delay_ms1
0     12   0    0    760  4.5  @TIMERISR_1
0     48   1    0    262  3.7  @GET_TICKS_1
0     74   1    3    760  4.5  lcd_read_byte
0     82   1    2    262  3.7  lcd_read_nibble
0     62   1    1    399  2.4  lcd_send_nibble
0     70   1    3    415  3.7  lcd_send_byte
0    124   2    6    852  6.2  lcd_init
0     34   0    4    208  6.3  lcd_gotoxy
0     80   1    1    354  4.7  lcd_putc
0    108   1    0    102  2.3  EXT_isr
0    102   1    0    112  2.6  EXT2_isr
0   1182  16   16   1344  5.9  MAIN
0     20   0    0             @const793
0     32   0    2             @PSTRINGC_759
0     18   0    0             @const798
0     56   1    2             @ITOF
0    242   3   11             @MULFF
0    346   5   14             @DIVFF
0    142   2   13             @DIV3232
0     52   1    4             @DTOF
0     20   0    0             @const812
0     64   1    5             @FTOSD
0    376   5   13             @PRINTF_L32D_759FPFPF
0     30   0    3             @PSTRINGCN_759
0     16   0    0             @const820
0     26   0    8     56  3.4  tick_difference
 Inline         0             @cinit1

Program metrics:
    Functions               13
    Statements              142
    Comments                333
    Volume (V)              9364
    Difficulty (D)          51.8
    Effort to implement (E) 485163
    Time to implement (T)   7 hours, 29 minutes
    Est Delivered Bugs (B)  2
    Cyclomatic Complexity   10
    Maintainability (MI)    148

 Segment     Used  Free
-----------  ----  ----
00000-00002     4  0  
00004-00006     0  4  
00008-000C4   190  0  
000C6-07FFE  3458  29112  



