
ROM used:   5252/65536 (8%)
            5252/65536 (8%) including unused fragments

            1.4 Average locations per line
            8.1 Average locations per statement

RAM used:   95/3896 (2%) at main() level
            181/3896 (5%) worst case

Stack used: 0 worst case (0 in main + 0 for interrupts)
Stack size: 31

Lines Stmts  %   Files
----- ----- ---  -----
   78    32   5  servo.c
   22     0   0  servo.h
 1065     0   0  ..\..\..\..\..\..\..\..\Program Files (x86)\PICC\Devices\18F46K22.h
  283    30   5  ..\..\..\..\..\..\..\..\Program Files (x86)\PICC\Drivers\input.c
   28     0   0  ..\..\..\..\..\..\..\..\Program Files (x86)\PICC\Drivers\ctype.h
 1354   359  55  ..\..\..\..\..\..\..\..\Program Files (x86)\PICC\Drivers\STDLIB.H
   32     0   0  ..\..\..\..\..\..\..\..\Program Files (x86)\PICC\Drivers\stddef.h
  435   129  20  ..\..\..\..\..\..\..\..\Program Files (x86)\PICC\Drivers\string.h
  456   100  15  ..\..\..\..\..\..\..\..\Program Files (x86)\PICC\Drivers\lcd.c
----- -----
 3753   650 Total

Page ROM  %  RAM    Vol Diff  Functions:
---- --- --- ---    --- ----  ----------
0     46   0    1             @delay_ms1
0     30   0    1             @delay_us1
0     10   0    0             @PUTCHARI_BIU_1
0      6   0    1     30  1.1  InputPutc
0    112   1    7    645 10.1  get_string
0     74   1    9    266  6.5  memchr
0     82   1    6             @MULS1616
0    242   2   11             @MULFF
0     54   1    2             @ITOF
0    618   6   16             @ADDFF
0    346   3   14             @DIVFF
0    866   8   52   2354 12.5  strtol
0     74   1    3    760  4.5  lcd_read_byte
0     82   1    2    262  3.7  lcd_read_nibble
0     66   1    1    399  2.4  lcd_send_nibble
0     70   1    3    415  3.7  lcd_send_byte
0    202   2    6    852  6.2  lcd_init
0     34   0    4    208  6.3  lcd_gotoxy
0     80   1    1    354  4.7  lcd_putc
0    364   3    4    366  3.6  TIMER1_isr
0     18   0    0             @const1133
0     62   1    5             @FTOSD
0    142   1   13             @DIV3232
0    376   4   13             @PRINTF_L32D_1109FPFPF
0     30   0    3             @PSTRINGCN_1109
0     56   1    4             @SFTOI
0    586   6    0    591  4.1  MAIN
0     18   0    0             @const1149
0     34   0    2             @PSTRINGC_9600_31766_31767
0     18   0    0             @const1154
0     52   0    0             @const1155
0     24   0    0             @const1156
0     34   0    3             @PSTRINGCN_9600_31766_31767
0    174   2    9             @PRINTF_LU_9600_31766_31767
 Inline         0             @cinit1

Program metrics:
    Functions               13
    Statements              650
    Comments                1129
    Volume (V)              11683
    Difficulty (D)          66.6
    Effort to implement (E) 777670
    Time to implement (T)   12 hours, 0 minutes
    Est Delivered Bugs (B)  3
    Cyclomatic Complexity   30
    Maintainability (MI)    119

 Segment     Used  Free
-----------  ----  ----
00000-00002     4  0  
00004-00006     0  4  
00008-000AC   166  0  
000AE-0FFFE  5082  60280  



