Compiling C:\Users\wvair\Google Drive\Especialização em Mecatrônica EAD IPETEC 2019\Robótica Industrial\Microcontroladores PIC\Exemplos\Teclado e LCD\main on 21-ago-21 at 08:06
*** Error 1 "C:\Program Files (x86)\PICC\Devices\18F4520.h" Line 700(1,2): Illegal C character in input file  0x80
*** Error 1 "C:\Program Files (x86)\PICC\Devices\18F4520.h" Line 700(1,2): Illegal C character in input file  0x00
*** Error 28 "C:\Program Files (x86)\PICC\Devices\18F4520.h" Line 700(1,2): Expecting an identifier
*** Error 1 "C:\Program Files (x86)\PICC\Devices\18F4520.h" Line 700(3,4): Illegal C character in input file  0x00
*** Error 1 "C:\Program Files (x86)\PICC\Devices\18F4520.h" Line 700(3,4): Illegal C character in input file  0x00
*** Error 1 "C:\Program Files (x86)\PICC\Devices\18F4520.h" Line 700(3,4): Illegal C character in input file  0xFF
*** Error 1 "C:\Program Files (x86)\PICC\Devices\18F4520.h" Line 700(3,4): Illegal C character in input file  0xFF
*** Error 1 "C:\Program Files (x86)\PICC\Devices\18F4520.h" Line 700(3,4): Illegal C character in input file  0xFF
*** Error 1 "C:\Program Files (x86)\PICC\Devices\18F4520.h" Line 700(3,4): Illegal C character in input file  0x00
*** Error 1 "C:\Program Files (x86)\PICC\Devices\18F4520.h" Line 700(3,4): Illegal C character in input file  0x07
*** Error 1 "C:\Program Files (x86)\PICC\Devices\18F4520.h" Line 700(3,4): Illegal C character in input file  0x00
*** Error 1 "C:\Program Files (x86)\PICC\Devices\18F4520.h" Line 700(3,4): Illegal C character in input file  0x00
*** Error 1 "C:\Program Files (x86)\PICC\Devices\18F4520.h" Line 700(3,4): Illegal C character in input file  0x00
*** Error 1 "C:\Program Files (x86)\PICC\Devices\18F4520.h" Line 700(3,4): Illegal C character in input file  0x00
*** Error 1 "C:\Program Files (x86)\PICC\Devices\18F4520.h" Line 700(3,4): Illegal C character in input file  0x00
*** Error 1 "C:\Program Files (x86)\PICC\Devices\18F4520.h" Line 700(3,4): Illegal C character in input file  0x00
*** Error 1 "C:\Program Files (x86)\PICC\Devices\18F4520.h" Line 700(3,4): Illegal C character in input file  0x00
*** Error 1 "C:\Program Files (x86)\PICC\Devices\18F4520.h" Line 700(3,4): Illegal C character in input file  0xE2
*** Error 1 "C:\Program Files (x86)\PICC\Devices\18F4520.h" Line 700(9,10): Illegal C character in input file  0xBA
*** Error 1 "C:\Program Files (x86)\PICC\Devices\18F4520.h" Line 700(9,10): Illegal C character in input file  0xAE
*** Error 48 "C:\Program Files (x86)\PICC\Devices\18F4520.h" Line 700(3,4): Expecting a (
*** Error 1 "C:\Program Files (x86)\PICC\Devices\18F4520.h" Line 700(12,13): Illegal C character in input file  0xE0
*** Error 43 "C:\Program Files (x86)\PICC\Devices\18F4520.h" Line 700(12,13): Expecting a declaration
*** Error 1 "C:\Program Files (x86)\PICC\Devices\18F4520.h" Line 700(14,15): Illegal C character in input file  0xCD
*** Error 1 "C:\Program Files (x86)\PICC\Devices\18F4520.h" Line 700(14,15): Illegal C character in input file  0xAA
*** Error 1 "C:\Program Files (x86)\PICC\Devices\18F4520.h" Line 700(14,15): Illegal C character in input file  0xB1
*** Error 1 "C:\Program Files (x86)\PICC\Devices\18F4520.h" Line 700(14,15): Illegal C character in input file  0xE5
*** Error 1 "C:\Program Files (x86)\PICC\Devices\18F4520.h" Line 700(14,15): Illegal C character in input file  0x40
*** Error 1 "C:\Program Files (x86)\PICC\Devices\18F4520.h" Line 700(14,15): Illegal C character in input file  0x00
*** Error 1 "C:\Program Files (x86)\PICC\Devices\18F4520.h" Line 700(14,15): Illegal C character in input file  0x00
*** Error 1 "C:\Program Files (x86)\PICC\Devices\18F4520.h" Line 700(14,15): Illegal C character in input file  0x00
*** Error 1 "C:\Program Files (x86)\PICC\Devices\18F4520.h" Line 700(14,15): Illegal C character in input file  0x00
*** Error 1 "C:\Program Files (x86)\PICC\Devices\18F4520.h" Line 700(14,15): Illegal C character in input file  0x00
*** Error 1 "C:\Program Files (x86)\PICC\Devices\18F4520.h" Line 700(14,15): Illegal C character in input file  0x00
*** Error 1 "C:\Program Files (x86)\PICC\Devices\18F4520.h" Line 700(14,15): Illegal C character in input file  0x00
*** Error 1 "C:\Program Files (x86)\PICC\Devices\18F4520.h" Line 700(14,15): Illegal C character in input file  0x00
*** Error 1 "C:\Program Files (x86)\PICC\Devices\18F4520.h" Line 700(14,15): Illegal C character in input file  0x00
*** Error 1 "C:\Program Files (x86)\PICC\Devices\18F4520.h" Line 700(14,15): Illegal C character in input file  0x00
*** Error 1 "C:\Program Files (x86)\PICC\Devices\18F4520.h" Line 700(14,15): Illegal C character in input file  0x00
*** Error 1 "C:\Program Files (x86)\PICC\Devices\18F4520.h" Line 700(14,15): Illegal C character in input file  0x00
*** Error 1 "C:\Program Files (x86)\PICC\Devices\18F4520.h" Line 700(14,15): Illegal C character in input file  0x00
*** Error 1 "C:\Program Files (x86)\PICC\Devices\18F4520.h" Line 700(14,15): Illegal C character in input file  0x00
*** Error 1 "C:\Program Files (x86)\PICC\Devices\18F4520.h" Line 700(14,15): Illegal C character in input file  0x00
*** Error 1 "C:\Program Files (x86)\PICC\Devices\18F4520.h" Line 700(14,15): Illegal C character in input file  0x00
*** Error 1 "C:\Program Files (x86)\PICC\Devices\18F4520.h" Line 700(14,15): Illegal C character in input file  0x00
*** Error 1 "C:\Program Files (x86)\PICC\Devices\18F4520.h" Line 700(14,15): Illegal C character in input file  0x00
*** Error 1 "C:\Program Files (x86)\PICC\Devices\18F4520.h" Line 700(14,15): Illegal C character in input file  0x00
*** Error 1 "C:\Program Files (x86)\PICC\Devices\18F4520.h" Line 700(14,15): Illegal C character in input file  0x00
*** Error 1 "C:\Program Files (x86)\PICC\Devices\18F4520.h" Line 700(14,15): Illegal C character in input file  0x00
*** Error 1 "C:\Program Files (x86)\PICC\Devices\18F4520.h" Line 700(14,15): Illegal C character in input file  0x00
*** Error 1 "C:\Program Files (x86)\PICC\Devices\18F4520.h" Line 700(14,15): Illegal C character in input file  0x00
*** Error 1 "C:\Program Files (x86)\PICC\Devices\18F4520.h" Line 700(14,15): Illegal C character in input file  0x00
*** Error 1 "C:\Program Files (x86)\PICC\Devices\18F4520.h" Line 700(14,15): Illegal C character in input file  0x00
*** Error 1 "C:\Program Files (x86)\PICC\Devices\18F4520.h" Line 700(14,15): Illegal C character in input file  0x00
*** Error 1 "C:\Program Files (x86)\PICC\Devices\18F4520.h" Line 700(14,15): Illegal C character in input file  0x00
*** Error 1 "C:\Program Files (x86)\PICC\Devices\18F4520.h" Line 700(14,15): Illegal C character in input file  0x00
*** Error 1 "C:\Program Files (x86)\PICC\Devices\18F4520.h" Line 700(14,15): Illegal C character in input file  0x00
*** Error 1 "C:\Program Files (x86)\PICC\Devices\18F4520.h" Line 700(14,15): Illegal C character in input file  0x00
*** Error 1 "C:\Program Files (x86)\PICC\Devices\18F4520.h" Line 700(14,15): Illegal C character in input file  0x00
*** Error 1 "C:\Program Files (x86)\PICC\Devices\18F4520.h" Line 700(14,15): Illegal C character in input file  0x00
*** Error 1 "C:\Program Files (x86)\PICC\Devices\18F4520.h" Line 700(14,15): Illegal C character in input file  0x00
*** Error 1 "C:\Program Files (x86)\PICC\Devices\18F4520.h" Line 700(14,15): Illegal C character in input file  0x00
*** Error 1 "C:\Program Files (x86)\PICC\Devices\18F4520.h" Line 700(14,15): Illegal C character in input file  0x00
*** Error 1 "C:\Program Files (x86)\PICC\Devices\18F4520.h" Line 700(14,15): Illegal C character in input file  0x00
*** Error 1 "C:\Program Files (x86)\PICC\Devices\18F4520.h" Line 700(14,15): Illegal C character in input file  0x00
*** Error 1 "C:\Program Files (x86)\PICC\Devices\18F4520.h" Line 700(14,15): Illegal C character in input file  0x00
*** Error 1 "C:\Program Files (x86)\PICC\Devices\18F4520.h" Line 700(14,15): Illegal C character in input file  0x00
*** Error 1 "C:\Program Files (x86)\PICC\Devices\18F4520.h" Line 700(14,15): Illegal C character in input file  0x00
*** Error 1 "C:\Program Files (x86)\PICC\Devices\18F4520.h" Line 700(14,15): Illegal C character in input file  0x00
*** Error 1 "C:\Program Files (x86)\PICC\Devices\18F4520.h" Line 700(14,15): Illegal C character in input file  0x00
*** Error 1 "C:\Program Files (x86)\PICC\Devices\18F4520.h" Line 700(14,15): Illegal C character in input file  0x00
*** Error 1 "C:\Program Files (x86)\PICC\Devices\18F4520.h" Line 700(14,15): Illegal C character in input file  0x00
*** Error 1 "C:\Program Files (x86)\PICC\Devices\18F4520.h" Line 700(14,15): Illegal C character in input file  0x00
*** Error 1 "C:\Program Files (x86)\PICC\Devices\18F4520.h" Line 700(14,15): Illegal C character in input file  0x00
*** Error 1 "C:\Program Files (x86)\PICC\Devices\18F4520.h" Line 700(14,15): Illegal C character in input file  0x00
*** Error 1 "C:\Program Files (x86)\PICC\Devices\18F4520.h" Line 700(14,15): Illegal C character in input file  0x00
*** Error 1 "C:\Program Files (x86)\PICC\Devices\18F4520.h" Line 700(14,15): Illegal C character in input file  0x00
*** Error 1 "C:\Program Files (x86)\PICC\Devices\18F4520.h" Line 700(14,15): Illegal C character in input file  0x00
*** Error 1 "C:\Program Files (x86)\PICC\Devices\18F4520.h" Line 700(14,15): Illegal C character in input file  0x00
*** Error 1 "C:\Program Files (x86)\PICC\Devices\18F4520.h" Line 700(14,15): Illegal C character in input file  0x00
*** Error 1 "C:\Program Files (x86)\PICC\Devices\18F4520.h" Line 700(14,15): Illegal C character in input file  0x00
*** Error 1 "C:\Program Files (x86)\PICC\Devices\18F4520.h" Line 700(14,15): Illegal C character in input file  0x00
*** Error 1 "C:\Program Files (x86)\PICC\Devices\18F4520.h" Line 700(14,15): Illegal C character in input file  0x00
*** Error 1 "C:\Program Files (x86)\PICC\Devices\18F4520.h" Line 700(14,15): Illegal C character in input file  0x00
*** Error 1 "C:\Program Files (x86)\PICC\Devices\18F4520.h" Line 700(14,15): Illegal C character in input file  0x00
*** Error 1 "C:\Program Files (x86)\PICC\Devices\18F4520.h" Line 700(14,15): Illegal C character in input file  0x00
*** Error 1 "C:\Program Files (x86)\PICC\Devices\18F4520.h" Line 700(14,15): Illegal C character in input file  0x00
*** Error 1 "C:\Program Files (x86)\PICC\Devices\18F4520.h" Line 700(14,15): Illegal C character in input file  0x00
*** Error 1 "C:\Program Files (x86)\PICC\Devices\18F4520.h" Line 700(14,15): Illegal C character in input file  0x00
*** Error 1 "C:\Program Files (x86)\PICC\Devices\18F4520.h" Line 700(14,15): Illegal C character in input file  0x00
*** Error 1 "C:\Program Files (x86)\PICC\Devices\18F4520.h" Line 700(14,15): Illegal C character in input file  0x00
*** Error 1 "C:\Program Files (x86)\PICC\Devices\18F4520.h" Line 700(14,15): Illegal C character in input file  0x00
*** Error 1 "C:\Program Files (x86)\PICC\Devices\18F4520.h" Line 700(14,15): Illegal C character in input file  0x00
*** Error 1 "C:\Program Files (x86)\PICC\Devices\18F4520.h" Line 700(14,15): Illegal C character in input file  0x00
*** Error 1 "C:\Program Files (x86)\PICC\Devices\18F4520.h" Line 700(14,15): Illegal C character in input file  0x00
*** Error 1 "C:\Program Files (x86)\PICC\Devices\18F4520.h" Line 700(14,15): Illegal C character in input file  0x00
*** Error 1 "C:\Program Files (x86)\PICC\Devices\18F4520.h" Line 700(14,15): Illegal C character in input file  0x00
*** Error 1 "C:\Program Files (x86)\PICC\Devices\18F4520.h" Line 700(14,15): Illegal C character in input file  0x00
*** Error 1 "C:\Program Files (x86)\PICC\Devices\18F4520.h" Line 700(14,15): Illegal C character in input file  0x00
*** Error 1 "C:\Program Files (x86)\PICC\Devices\18F4520.h" Line 700(14,15): Illegal C character in input file  0x00
*** Error 1 "C:\Program Files (x86)\PICC\Devices\18F4520.h" Line 700(14,15): Illegal C character in input file  0x00
