
ROM used:   3860/32768 (12%)
            3860/32768 (12%) including unused fragments

            2.6 Average locations per line
            25.7 Average locations per statement

RAM used:   94/1536 (6%) at main() level
            120/1536 (8%) worst case

Stack used: 7 worst case (5 in main + 2 for interrupts)
Stack size: 31

Lines Stmts  %   Files
----- ----- ---  -----
  133    50  33  RPM_METER.c
   30     0   0  RPM_METER.h
  879     0   0  C:\Program Files (x86)\PICC\Devices\18F4520.h
  456   100  67  C:\Program Files (x86)\PICC\Drivers\lcd.c
----- -----
 1498   150 Total

Page ROM  %  RAM    Vol Diff  Functions:
---- --- --- ---    --- ----  ----------
0     40   1    1             @delay_ms1
0     12   0    0             @TIMERISR_1
0     48   1    0             @GET_TICKS_1
0     74   1    3    760  4.5  lcd_read_byte
0     82   1    2    262  3.7  lcd_read_nibble
0     62   1    1    399  2.4  lcd_send_nibble
0     70   1    3    415  3.7  lcd_send_byte
0    122   2    6    852  6.2  lcd_init
0     34   0    4    208  6.3  lcd_gotoxy
0     80   1    1    354  4.7  lcd_putc
0    112   1    0    147  2.2  EXT_isr
0    106   1    0     94  2.7  EXT2_isr
0   1384  18   16   1620  5.9  MAIN
0     20   0    0             @const793
0     32   0    2             @PSTRINGC_759
0     18   0    0             @const798
0     56   1    2             @ITOF
0    242   3   11             @MULFF
0    346   4   14             @DIVFF
0    142   2   13             @DIV3232
0     52   1    4             @DTOF
0     20   0    0             @const812
0     64   1    5             @FTOSD
0    376   5   13             @PRINTF_L32D_759FPFPF
0     30   0    3             @PSTRINGCN_759
0     16   0    0             @const820
0     26   0    8     56  3.4  tick_difference
 Inline         0             @cinit1

Program metrics:
    Functions               11
    Statements              150
    Comments                336
    Volume (V)              7916
    Difficulty (D)          43.4
    Effort to implement (E) 343247
    Time to implement (T)   5 hours, 18 minutes
    Est Delivered Bugs (B)  2
    Cyclomatic Complexity   10
    Maintainability (MI)    132

 Segment     Used  Free
-----------  ----  ----
00000-00002     4  0  
00004-00006     0  4  
00008-000C4   190  0  
000C6-07FFE  3666  28904  



